   WELCOME to LAMP
   Version 1.5.4, Oct 2021
   Authors: C. W. Johnson, S. M. Lauber, C. F. Jiao
   based upon work by J. Staker and K. O Mara
 
  NUM_THREADS =            1
  NUM MPI RANKS =            1
  Enter file with s.p. orbit information (.spo/.sps)
  Enter Z, N 
  Enter number of Slater determinants 
  Enter input filename (.sd)
Title card: "Ne34 sdpf min                                               "
  Enter input filename (.sd)
Title card: "Ne34 min sdpf TDA phonons                                   "
  There are           20  Slater determinants in this file 
  Enter a Slater determinant index (0 or -1 to stop )
  To read from an ordered list, enter -999 
  Enter a Slater determinant index (0 or -1 to stop )
  Enter a Slater determinant index (0 or -1 to stop )
  Enter a Slater determinant index (0 or -1 to stop )
  Enter a Slater determinant index (0 or -1 to stop )
  Enter a Slater determinant index (0 or -1 to stop )
  Enter a Slater determinant index (0 or -1 to stop )
  Enter a Slater determinant index (0 or -1 to stop )
  Enter a Slater determinant index (0 or -1 to stop )
  Enter a Slater determinant index (0 or -1 to stop )
  Enter a Slater determinant index (0 or -1 to stop )
  Enter a Slater determinant index (0 or -1 to stop )
  Enter a Slater determinant index (0 or -1 to stop )
  Enter a Slater determinant index (0 or -1 to stop )
  Enter a Slater determinant index (0 or -1 to stop )
  Enter a Slater determinant index (0 or -1 to stop )
  Enter a Slater determinant index (0 or -1 to stop )
  Enter a Slater determinant index (0 or -1 to stop )
  Enter a Slater determinant index (0 or -1 to stop )
  Enter a Slater determinant index (0 or -1 to stop )
  Node =            0  isd =            1
  Node =            0  isd =            2
  Node =            0  isd =            3
  Node =            0  isd =            4
  Node =            0  isd =            5
  Node =            0  isd =            6
  Node =            0  isd =            7
  Node =            0  isd =            8
  Node =            0  isd =            9
  Node =            0  isd =           10
  Node =            0  isd =           11
  Node =            0  isd =           12
  Node =            0  isd =           13
  Node =            0  isd =           14
  Node =            0  isd =           15
  Node =            0  isd =           16
  Node =            0  isd =           17
  Node =            0  isd =           18
  Node =            0  isd =           19
  Node =            0  isd =           20
  Node =            0  isd =           21
 Enter J-max to project (integer value):
  
  Number of ANGLES in Euler mesh =        26011
  Use only        14041  Euler angles out of        26011
  sum rule    21.0000006321960     
  SD overlap eigenvalues =   4.891070644772245E-002  0.453159910809888     
  0.461547684558458       0.481355765158443       0.484474866722656     
  0.490646646915797       0.502202319926715       0.505462921434316     
  0.516333214378089       0.535475963918382       0.538182906499391     
  0.552697989606989       0.573628595950815       0.596139498344954     
  0.620494830649219       0.644916649455403       0.647343932697506     
  0.652118478926568       0.738918787143964       0.770062930946941     
   10.1859260317038     
  
  Fraction in original HF state: Norm
  
    J    frac(+)   frac(-)
 -------------------------
   0.0  0.763598  0.030579
   1.0  0.251771  0.154207
   2.0  3.754553  0.363685
   3.0  1.048723  0.415523
   4.0  4.750962  0.425787
   5.0  1.074542  0.379285
   6.0  3.425943  0.314111
   7.0  0.632614  0.230208
   8.0  1.659919  0.155400
   9.0  0.240454  0.091547
  10.0  0.545444  0.052634
  11.0  0.059289  0.023299
  12.0  0.114879  0.011523
  13.0  0.008708  0.003493
  14.0  0.013937  0.001433
  15.0  0.000649  0.000292
  16.0  0.000847  0.000090
  17.0  0.000023  0.000020
  18.0  0.000025  0.000004
  Total of sum of trace(N) =    21.0000006321960     
 
  Choose one of the following: 
  (e) Compute energies or similar operator ONLY
  (d) 1-body densities (will compute energies first)
  
  Do you want to read in files in (i) isospin conserving format (old format) 
  or (x) explicit proton-neutron (xpn) format?  (enter i/x)
  Enter interaction file name (.smint/.int)
  (Enter END to stop)
  
  AUTOSCALING two-body matrix elements
  
  Autoscale parameters    42.00000       58.00000      0.3000000    
  0.9077085    
  Enter interaction file name (.smint/.int)
  (Enter END to stop)
  about to decouple 
  there are          496  uncoupled pairs 
  there are          496  uncoupled pairs 
  There are         7622  PP/NN uncoupled TBMEs 
  decoupled 
  There are        30964  PN matrix elements 
  Enter the tolerance for accept Js (typically ~0.00001 to 0.0001)
  
  New Jmax =    18.00000              19
  
  NEW OPTION: 
  Enter a maximum J for output (enter -1 to output all )
  (Large values of J, especially for a large number of reference states, 
   can take a long time to diagonalize/write out)
  
  Number of ANGLES in Euler mesh =        26011
  Use only        14041  Euler angles out of        26011
  Trace Hamiltonian =   -1904.91904783040     
  sum rule    21.0000006321960     
 
  Evaluation options: 
  (e) (default) compute energies
  (w) write matrices to file
  (x) read matrices and compute expectation values
 
 
  Computing energies and eigenvectors
 
  How many energies to print to screen? (all will be written to file)
  Enter tolerance for norm (typical = 0.0001 to 0.001) 
  No states for J =    17.00000    
  No states for J =    18.00000    
 
  Sum of norms =    21.0000006321960     
  Sum of trace(H) =   -1904.91904783040     
  
  State    E     Ex      J     parity
  ----------------------------------------------
  1      -94.04899      0.00000   0.0  +
  2      -93.55805      0.49094   2.0  +
  3      -92.71852      1.33047   4.0  +
  4      -92.51266      1.53633   0.0  +
  5      -92.16165      1.88734   2.0  +
  6      -92.09546      1.95353   2.0  +
  7      -91.94678      2.10221   2.0  +
  8      -91.80875      2.24024   6.0  +
  9      -91.79459      2.25440   3.0  +
 10      -91.75587      2.29312   4.0  +
 Write output to file? (Y or N)
 
  Do you want to run with other parameters (y/n)?
     TIME of total LAMP calculation:    29320.3960000000       seconds
     TIME of norm calculation:    4183.88800000000       seconds
     TIME of ham calculation:    25136.4200000000       seconds
