   WELCOME to LAMP
   Version 1.5.4, Oct 2021
   Authors: C. W. Johnson, S. M. Lauber, C. F. Jiao
   based upon work by J. Staker and K. O Mara
 
  NUM_THREADS =            1
  NUM MPI RANKS =            4
  Enter file with s.p. orbit information (.spo/.sps)
  Enter Z, N 
  Enter number of Slater determinants 
  Enter input filename (.sd)
Title card: "Na37 sdpf min corrected scaling                             "
  Enter input filename (.sd)
Title card: "Na37 min sdpf TDA phonons                                   "
  There are           20  Slater determinants in this file 
  Enter a Slater determinant index (0 or -1 to stop )
  To read from an ordered list, enter -999 
  Enter a Slater determinant index (0 or -1 to stop )
  Enter a Slater determinant index (0 or -1 to stop )
  Enter a Slater determinant index (0 or -1 to stop )
  Enter a Slater determinant index (0 or -1 to stop )
  Enter a Slater determinant index (0 or -1 to stop )
  Enter a Slater determinant index (0 or -1 to stop )
  Enter a Slater determinant index (0 or -1 to stop )
  Enter a Slater determinant index (0 or -1 to stop )
  Enter a Slater determinant index (0 or -1 to stop )
  Enter a Slater determinant index (0 or -1 to stop )
  Enter a Slater determinant index (0 or -1 to stop )
  Enter a Slater determinant index (0 or -1 to stop )
  Enter a Slater determinant index (0 or -1 to stop )
  Enter a Slater determinant index (0 or -1 to stop )
  Enter a Slater determinant index (0 or -1 to stop )
  Enter a Slater determinant index (0 or -1 to stop )
  Enter a Slater determinant index (0 or -1 to stop )
  Enter a Slater determinant index (0 or -1 to stop )
  Enter a Slater determinant index (0 or -1 to stop )
  Node =            0  isd =            1
  Node =            2  isd =            1
  Node =            3  isd =            1
  Node =            1  isd =            1
  Node =            0  isd =            2
  Node =            2  isd =            2
  Node =            1  isd =            2
  Node =            3  isd =            2
  Node =            0  isd =            3
  Node =            2  isd =            3
  Node =            1  isd =            3
  Node =            3  isd =            3
  Node =            0  isd =            4
  Node =            2  isd =            4
  Node =            1  isd =            4
  Node =            3  isd =            4
  Node =            0  isd =            5
  Node =            2  isd =            5
  Node =            1  isd =            5
  Node =            3  isd =            5
  Node =            0  isd =            6
  Node =            2  isd =            6
  Node =            1  isd =            6
  Node =            3  isd =            6
  Node =            0  isd =            7
  Node =            2  isd =            7
  Node =            1  isd =            7
  Node =            3  isd =            7
  Node =            0  isd =            8
  Node =            2  isd =            8
  Node =            1  isd =            8
  Node =            3  isd =            8
  Node =            0  isd =            9
  Node =            2  isd =            9
  Node =            1  isd =            9
  Node =            3  isd =            9
  Node =            0  isd =           10
  Node =            2  isd =           10
  Node =            1  isd =           10
  Node =            3  isd =           10
  Node =            0  isd =           11
  Node =            2  isd =           11
  Node =            1  isd =           11
  Node =            3  isd =           11
  Node =            0  isd =           12
  Node =            2  isd =           12
  Node =            1  isd =           12
  Node =            3  isd =           12
  Node =            0  isd =           13
  Node =            2  isd =           13
  Node =            1  isd =           13
  Node =            3  isd =           13
  Node =            0  isd =           14
  Node =            2  isd =           14
  Node =            1  isd =           14
  Node =            3  isd =           14
  Node =            0  isd =           15
  Node =            2  isd =           15
  Node =            1  isd =           15
  Node =            3  isd =           15
  Node =            0  isd =           16
  Node =            2  isd =           16
  Node =            1  isd =           16
  Node =            3  isd =           16
  Node =            0  isd =           17
  Node =            2  isd =           17
  Node =            1  isd =           17
  Node =            3  isd =           17
  Node =            0  isd =           18
  Node =            2  isd =           18
  Node =            1  isd =           18
  Node =            3  isd =           18
  Node =            0  isd =           19
  Node =            2  isd =           19
  Node =            1  isd =           19
  Node =            3  isd =           19
  Node =            0  isd =           20
  Node =            2  isd =           20
  Node =            1  isd =           20
  Node =            3  isd =           20
  Node =            0  isd =           21
  Node =            2  isd =           21
  Node =            1  isd =           21
  Node =            3  isd =           21
 Enter J-max to project (half-integer value):
  
  Number of ANGLES in Euler mesh =        19652
  
  Use only        11220  Euler angles out of        19652
  
  
  problem with LU decomposition           18
  Error between (neutron) states           17           1
